{"numFailedTestSuites":0,"numFailedTests":0,"numPassedTestSuites":1,"numPassedTests":14,"numPendingTestSuites":0,"numPendingTests":0,"numRuntimeErrorTestSuites":0,"numTodoTests":0,"numTotalTestSuites":1,"numTotalTests":14,"openHandles":[],"snapshot":{"added":0,"didUpdate":false,"failure":false,"filesAdded":0,"filesRemoved":0,"filesRemovedList":[],"filesUnmatched":0,"filesUpdated":0,"matched":0,"total":0,"unchecked":0,"uncheckedKeysByFile":[],"unmatched":0,"updated":0},"startTime":1645903024912,"success":true,"testResults":[{"assertionResults":[{"ancestorTitles":["Sample Test"],"failureMessages":[],"fullName":"Sample Test App is defined","location":null,"status":"passed","title":"App is defined"},{"ancestorTitles":["Sample Test"],"failureMessages":[],"fullName":"Sample Test Get newest four sectors","location":null,"status":"passed","title":"Get newest four sectors"},{"ancestorTitles":["Sample Test"],"failureMessages":[],"fullName":"Sample Test Post sector","location":null,"status":"passed","title":"Post sector"},{"ancestorTitles":["Sample Test"],"failureMessages":[],"fullName":"Sample Test Post sector error","location":null,"status":"passed","title":"Post sector error"},{"ancestorTitles":["Sample Test"],"failureMessages":[],"fullName":"Sample Test Get sector","location":null,"status":"passed","title":"Get sector"},{"ancestorTitles":["Sample Test"],"failureMessages":[],"fullName":"Sample Test Get id sector","location":null,"status":"passed","title":"Get id sector"},{"ancestorTitles":["Sample Test"],"failureMessages":[],"fullName":"Sample Test Get id sector error","location":null,"status":"passed","title":"Get id sector error"},{"ancestorTitles":["Sample Test"],"failureMessages":[],"fullName":"Sample Test Update sector","location":null,"status":"passed","title":"Update sector"},{"ancestorTitles":["Sample Test"],"failureMessages":[],"fullName":"Sample Test Update sector error","location":null,"status":"passed","title":"Update sector error"},{"ancestorTitles":["Sample Test"],"failureMessages":[],"fullName":"Sample Test Update with invalid id","location":null,"status":"passed","title":"Update with invalid id"},{"ancestorTitles":["Sample Test"],"failureMessages":[],"fullName":"Sample Test Update sector without token","location":null,"status":"passed","title":"Update sector without token"},{"ancestorTitles":["Sample Test"],"failureMessages":[],"fullName":"Sample Test Update sector with invalid token","location":null,"status":"passed","title":"Update sector with invalid token"},{"ancestorTitles":["Sample Test"],"failureMessages":[],"fullName":"Sample Test Delete sector","location":null,"status":"passed","title":"Delete sector"},{"ancestorTitles":["Sample Test"],"failureMessages":[],"fullName":"Sample Test Delete sector error","location":null,"status":"passed","title":"Delete sector error"}],"endTime":1645903027207,"message":"","name":"/code/tests/api.test.js","startTime":1645903025365,"status":"passed","summary":""}],"wasInterrupted":false,"coverageMap":{"/code/src/index.js":{"path":"/code/src/index.js","statementMap":{"0":{"start":{"line":1,"column":16},"end":{"line":1,"column":34}},"1":{"start":{"line":2,"column":17},"end":{"line":2,"column":36}},"2":{"start":{"line":3,"column":13},"end":{"line":3,"column":28}},"3":{"start":{"line":4,"column":15},"end":{"line":4,"column":34}},"4":{"start":{"line":5,"column":0},"end":{"line":5,"column":32}},"5":{"start":{"line":13,"column":4},"end":{"line":13,"column":15}},"6":{"start":{"line":15,"column":12},"end":{"line":15,"column":67}},"7":{"start":{"line":17,"column":0},"end":{"line":23,"column":5}},"8":{"start":{"line":19,"column":4},"end":{"line":19,"column":40}},"9":{"start":{"line":22,"column":4},"end":{"line":22,"column":55}},"10":{"start":{"line":25,"column":12},"end":{"line":25,"column":21}},"11":{"start":{"line":26,"column":0},"end":{"line":26,"column":16}},"12":{"start":{"line":27,"column":0},"end":{"line":27,"column":24}},"13":{"start":{"line":28,"column":0},"end":{"line":28,"column":16}},"14":{"start":{"line":30,"column":0},"end":{"line":32,"column":3}},"15":{"start":{"line":31,"column":2},"end":{"line":31,"column":48}},"16":{"start":{"line":34,"column":0},"end":{"line":34,"column":21}}},"fnMap":{"0":{"name":"(anonymous_0)","decl":{"start":{"line":18,"column":8},"end":{"line":18,"column":9}},"loc":{"start":{"line":18,"column":14},"end":{"line":20,"column":3}},"line":18},"1":{"name":"(anonymous_1)","decl":{"start":{"line":21,"column":9},"end":{"line":21,"column":10}},"loc":{"start":{"line":21,"column":18},"end":{"line":23,"column":3}},"line":21},"2":{"name":"(anonymous_2)","decl":{"start":{"line":30,"column":17},"end":{"line":30,"column":18}},"loc":{"start":{"line":30,"column":23},"end":{"line":32,"column":1}},"line":30}},"branchMap":{},"s":{"0":1,"1":1,"2":1,"3":1,"4":1,"5":1,"6":1,"7":1,"8":1,"9":0,"10":1,"11":1,"12":1,"13":1,"14":1,"15":1,"16":1},"f":{"0":1,"1":0,"2":1},"b":{},"_coverageSchema":"1a1c01bbd47fc00a2c39e90264f33305004495a9","hash":"4a7a905b1ef829609926170c43a18992d97c59db"},"/code/src/routes.js":{"path":"/code/src/routes.js","statementMap":{"0":{"start":{"line":1,"column":16},"end":{"line":1,"column":34}},"1":{"start":{"line":3,"column":15},"end":{"line":3,"column":31}},"2":{"start":{"line":4,"column":25},"end":{"line":4,"column":66}},"3":{"start":{"line":5,"column":22},"end":{"line":5,"column":52}},"4":{"start":{"line":7,"column":0},"end":{"line":7,"column":61}},"5":{"start":{"line":8,"column":0},"end":{"line":8,"column":84}},"6":{"start":{"line":9,"column":0},"end":{"line":9,"column":64}},"7":{"start":{"line":10,"column":0},"end":{"line":10,"column":72}},"8":{"start":{"line":11,"column":0},"end":{"line":11,"column":75}},"9":{"start":{"line":12,"column":0},"end":{"line":12,"column":78}},"10":{"start":{"line":14,"column":0},"end":{"line":14,"column":24}}},"fnMap":{},"branchMap":{},"s":{"0":1,"1":1,"2":1,"3":1,"4":1,"5":1,"6":1,"7":1,"8":1,"9":1,"10":1},"f":{},"b":{},"_coverageSchema":"1a1c01bbd47fc00a2c39e90264f33305004495a9","hash":"afd5b988a1cb2d657043cf59ab0ee24dbc69b507"},"/code/src/Controllers/SectorController.js":{"path":"/code/src/Controllers/SectorController.js","statementMap":{"0":{"start":{"line":1,"column":15},"end":{"line":1,"column":41}},"1":{"start":{"line":2,"column":15},"end":{"line":2,"column":48}},"2":{"start":{"line":3,"column":21},"end":{"line":3,"column":49}},"3":{"start":{"line":5,"column":18},"end":{"line":9,"column":1}},"4":{"start":{"line":6,"column":18},"end":{"line":6,"column":37}},"5":{"start":{"line":8,"column":2},"end":{"line":8,"column":39}},"6":{"start":{"line":11,"column":17},"end":{"line":20,"column":1}},"7":{"start":{"line":12,"column":17},"end":{"line":12,"column":27}},"8":{"start":{"line":14,"column":2},"end":{"line":19,"column":3}},"9":{"start":{"line":15,"column":19},"end":{"line":15,"column":52}},"10":{"start":{"line":16,"column":4},"end":{"line":16,"column":40}},"11":{"start":{"line":18,"column":4},"end":{"line":18,"column":55}},"12":{"start":{"line":22,"column":21},"end":{"line":42,"column":1}},"13":{"start":{"line":23,"column":32},"end":{"line":23,"column":40}},"14":{"start":{"line":25,"column":22},"end":{"line":25,"column":49}},"15":{"start":{"line":27,"column":2},"end":{"line":29,"column":3}},"16":{"start":{"line":28,"column":4},"end":{"line":28,"column":57}},"17":{"start":{"line":31,"column":2},"end":{"line":41,"column":3}},"18":{"start":{"line":32,"column":22},"end":{"line":37,"column":6}},"19":{"start":{"line":38,"column":4},"end":{"line":38,"column":43}},"20":{"start":{"line":40,"column":4},"end":{"line":40,"column":55}},"21":{"start":{"line":44,"column":21},"end":{"line":63,"column":1}},"22":{"start":{"line":45,"column":17},"end":{"line":45,"column":27}},"23":{"start":{"line":46,"column":32},"end":{"line":46,"column":40}},"24":{"start":{"line":48,"column":22},"end":{"line":48,"column":49}},"25":{"start":{"line":50,"column":2},"end":{"line":52,"column":3}},"26":{"start":{"line":51,"column":4},"end":{"line":51,"column":57}},"27":{"start":{"line":53,"column":2},"end":{"line":62,"column":3}},"28":{"start":{"line":54,"column":25},"end":{"line":58,"column":37}},"29":{"start":{"line":58,"column":32},"end":{"line":58,"column":36}},"30":{"start":{"line":59,"column":4},"end":{"line":59,"column":34}},"31":{"start":{"line":61,"column":4},"end":{"line":61,"column":55}},"32":{"start":{"line":65,"column":21},"end":{"line":75,"column":1}},"33":{"start":{"line":66,"column":17},"end":{"line":66,"column":27}},"34":{"start":{"line":68,"column":2},"end":{"line":74,"column":3}},"35":{"start":{"line":69,"column":4},"end":{"line":69,"column":40}},"36":{"start":{"line":71,"column":4},"end":{"line":71,"column":44}},"37":{"start":{"line":73,"column":4},"end":{"line":73,"column":56}},"38":{"start":{"line":77,"column":29},"end":{"line":81,"column":1}},"39":{"start":{"line":78,"column":18},"end":{"line":78,"column":70}},"40":{"start":{"line":80,"column":2},"end":{"line":80,"column":39}},"41":{"start":{"line":83,"column":0},"end":{"line":85,"column":2}}},"fnMap":{"0":{"name":"(anonymous_0)","decl":{"start":{"line":5,"column":18},"end":{"line":5,"column":19}},"loc":{"start":{"line":5,"column":38},"end":{"line":9,"column":1}},"line":5},"1":{"name":"(anonymous_1)","decl":{"start":{"line":11,"column":17},"end":{"line":11,"column":18}},"loc":{"start":{"line":11,"column":37},"end":{"line":20,"column":1}},"line":11},"2":{"name":"(anonymous_2)","decl":{"start":{"line":22,"column":21},"end":{"line":22,"column":22}},"loc":{"start":{"line":22,"column":41},"end":{"line":42,"column":1}},"line":22},"3":{"name":"(anonymous_3)","decl":{"start":{"line":44,"column":21},"end":{"line":44,"column":22}},"loc":{"start":{"line":44,"column":41},"end":{"line":63,"column":1}},"line":44},"4":{"name":"(anonymous_4)","decl":{"start":{"line":58,"column":22},"end":{"line":58,"column":23}},"loc":{"start":{"line":58,"column":32},"end":{"line":58,"column":36}},"line":58},"5":{"name":"(anonymous_5)","decl":{"start":{"line":65,"column":21},"end":{"line":65,"column":22}},"loc":{"start":{"line":65,"column":41},"end":{"line":75,"column":1}},"line":65},"6":{"name":"(anonymous_6)","decl":{"start":{"line":77,"column":29},"end":{"line":77,"column":30}},"loc":{"start":{"line":77,"column":49},"end":{"line":81,"column":1}},"line":77}},"branchMap":{"0":{"loc":{"start":{"line":27,"column":2},"end":{"line":29,"column":3}},"type":"if","locations":[{"start":{"line":27,"column":2},"end":{"line":29,"column":3}},{"start":{},"end":{}}],"line":27},"1":{"loc":{"start":{"line":50,"column":2},"end":{"line":52,"column":3}},"type":"if","locations":[{"start":{"line":50,"column":2},"end":{"line":52,"column":3}},{"start":{},"end":{}}],"line":50}},"s":{"0":1,"1":1,"2":1,"3":1,"4":1,"5":1,"6":1,"7":2,"8":2,"9":2,"10":1,"11":1,"12":1,"13":7,"14":7,"15":7,"16":1,"17":6,"18":6,"19":6,"20":0,"21":1,"22":3,"23":3,"24":3,"25":3,"26":1,"27":2,"28":2,"29":2,"30":1,"31":1,"32":1,"33":2,"34":2,"35":2,"36":1,"37":1,"38":1,"39":1,"40":1,"41":1},"f":{"0":1,"1":2,"2":7,"3":3,"4":2,"5":2,"6":1},"b":{"0":[1,6],"1":[1,2]},"_coverageSchema":"1a1c01bbd47fc00a2c39e90264f33305004495a9","hash":"b8704c6ebe6265e4b6fb5fd7c8925400042587ac"},"/code/src/Models/SectorSchema.js":{"path":"/code/src/Models/SectorSchema.js","statementMap":{"0":{"start":{"line":1,"column":17},"end":{"line":1,"column":36}},"1":{"start":{"line":3,"column":21},"end":{"line":21,"column":2}},"2":{"start":{"line":23,"column":0},"end":{"line":23,"column":56}}},"fnMap":{},"branchMap":{},"s":{"0":1,"1":1,"2":1},"f":{},"b":{},"_coverageSchema":"1a1c01bbd47fc00a2c39e90264f33305004495a9","hash":"03ad14ad838f59e6476e21635e6d160071e07661"},"/code/src/Utils/validate.js":{"path":"/code/src/Utils/validate.js","statementMap":{"0":{"start":{"line":1,"column":17},"end":{"line":13,"column":1}},"1":{"start":{"line":2,"column":17},"end":{"line":2,"column":19}},"2":{"start":{"line":4,"column":2},"end":{"line":6,"column":3}},"3":{"start":{"line":5,"column":4},"end":{"line":5,"column":32}},"4":{"start":{"line":8,"column":2},"end":{"line":10,"column":3}},"5":{"start":{"line":9,"column":4},"end":{"line":9,"column":39}},"6":{"start":{"line":12,"column":2},"end":{"line":12,"column":16}},"7":{"start":{"line":15,"column":0},"end":{"line":15,"column":30}}},"fnMap":{"0":{"name":"(anonymous_0)","decl":{"start":{"line":1,"column":17},"end":{"line":1,"column":18}},"loc":{"start":{"line":1,"column":40},"end":{"line":13,"column":1}},"line":1}},"branchMap":{"0":{"loc":{"start":{"line":4,"column":2},"end":{"line":6,"column":3}},"type":"if","locations":[{"start":{"line":4,"column":2},"end":{"line":6,"column":3}},{"start":{},"end":{}}],"line":4},"1":{"loc":{"start":{"line":8,"column":2},"end":{"line":10,"column":3}},"type":"if","locations":[{"start":{"line":8,"column":2},"end":{"line":10,"column":3}},{"start":{},"end":{}}],"line":8}},"s":{"0":1,"1":10,"2":10,"3":2,"4":10,"5":1,"6":10,"7":1},"f":{"0":10},"b":{"0":[2,8],"1":[1,9]},"_coverageSchema":"1a1c01bbd47fc00a2c39e90264f33305004495a9","hash":"5ebcbe8c27db46e3913d99fb4ecb7c6848478f1f"},"/code/src/Utils/validateJWT.js":{"path":"/code/src/Utils/validateJWT.js","statementMap":{"0":{"start":{"line":1,"column":12},"end":{"line":1,"column":35}},"1":{"start":{"line":4,"column":16},"end":{"line":4,"column":45}},"2":{"start":{"line":6,"column":2},"end":{"line":8,"column":3}},"3":{"start":{"line":7,"column":4},"end":{"line":7,"column":83}},"4":{"start":{"line":10,"column":2},"end":{"line":17,"column":5}},"5":{"start":{"line":11,"column":4},"end":{"line":13,"column":5}},"6":{"start":{"line":12,"column":6},"end":{"line":12,"column":110}},"7":{"start":{"line":14,"column":4},"end":{"line":14,"column":28}},"8":{"start":{"line":15,"column":4},"end":{"line":15,"column":11}},"9":{"start":{"line":16,"column":4},"end":{"line":16,"column":21}},"10":{"start":{"line":20,"column":0},"end":{"line":20,"column":31}}},"fnMap":{"0":{"name":"verifyJWT","decl":{"start":{"line":3,"column":9},"end":{"line":3,"column":18}},"loc":{"start":{"line":3,"column":35},"end":{"line":18,"column":1}},"line":3},"1":{"name":"(anonymous_1)","decl":{"start":{"line":10,"column":47},"end":{"line":10,"column":48}},"loc":{"start":{"line":10,"column":65},"end":{"line":17,"column":3}},"line":10}},"branchMap":{"0":{"loc":{"start":{"line":6,"column":2},"end":{"line":8,"column":3}},"type":"if","locations":[{"start":{"line":6,"column":2},"end":{"line":8,"column":3}},{"start":{},"end":{}}],"line":6},"1":{"loc":{"start":{"line":11,"column":4},"end":{"line":13,"column":5}},"type":"if","locations":[{"start":{"line":11,"column":4},"end":{"line":13,"column":5}},{"start":{},"end":{}}],"line":11}},"s":{"0":1,"1":18,"2":18,"3":1,"4":17,"5":17,"6":1,"7":16,"8":16,"9":16,"10":1},"f":{"0":18,"1":17},"b":{"0":[1,17],"1":[1,16]},"_coverageSchema":"1a1c01bbd47fc00a2c39e90264f33305004495a9","hash":"e086e6b8f9f4afd4e78c4bf36d37b64d7a5e2228"}}}